\BOOKMARK [0][]{section*.2}{\376\377\165\065\133\271\000-\165\065\123\213\154\325\377\010\000C\040\023\000V\154\325\377\011\155\113\221\317\123\112\133\374\117\123\147\102\215\050\122\006\136\003}{}% 2
\BOOKMARK [1][]{section*.1}{\376\377\144\130\211\201}{section*.2}% 1
\BOOKMARK [1][]{section*.3}{\376\377\000I\000\040\137\025\212\000}{section*.2}% 3
\BOOKMARK [1][]{section*.4}{\376\377\000I\000I\000\040\164\006\213\272\123\237\164\006}{section*.2}% 4
\BOOKMARK [2][]{section*.5}{\376\377\000A\000\040\000p\000n\176\323\122\277\127\222\165\065\133\271\116\016\147\102\215\050\155\123\136\246\166\204\121\163\174\373}{section*.4}% 5
\BOOKMARK [3][]{section*.6}{\376\377\0001\000\040\123\125\217\271\172\201\123\330\176\323\152\041\127\213}{section*.5}% 6
\BOOKMARK [3][]{section*.7}{\376\377\0002\000\040\172\172\225\364\165\065\203\167\123\072\133\275\136\246\116\016\120\117\123\213\166\204\121\163\174\373}{section*.5}% 7
\BOOKMARK [3][]{section*.8}{\376\377\0003\000\040\000p\000n\176\323\122\277\127\222\165\065\133\271}{section*.5}% 8
\BOOKMARK [3][]{section*.9}{\376\377\0004\000\040\0001\000/\000C\0002\040\023\000V\000\040\176\277\140\047\121\163\174\373}{section*.5}% 9
\BOOKMARK [3][]{section*.10}{\376\377\0005\000\040\116\373\141\017\147\102\215\050\122\006\136\003\166\204\000\040\000N\000\050\000w\000\051\000\040\121\154\137\017}{section*.5}% 10
\BOOKMARK [2][]{section*.11}{\376\377\000B\000\040\122\277\127\222\165\065\133\271\166\204\155\113\221\317\123\237\164\006}{section*.4}% 11
\BOOKMARK [3][]{section*.12}{\376\377\0001\000\040\155\113\221\317\176\277\215\357}{section*.11}% 12
\BOOKMARK [3][]{section*.13}{\376\377\0002\000\040\000C\0000\000\040\000C\000x\000\040\147\141\116\366\116\013\166\204\217\321\117\074}{section*.11}% 13
\BOOKMARK [3][]{section*.14}{\376\377\0003\000\040\155\113\221\317\147\141\116\366\176\246\147\137}{section*.11}% 14
\BOOKMARK [2][]{section*.15}{\376\377\000C\000\040\225\001\133\232\145\076\131\047\126\150\166\204\127\372\147\054\123\237\164\006}{section*.4}% 15
\BOOKMARK [3][]{section*.16}{\376\377\0001\000\040\166\370\145\117\150\300\154\342\126\150\377\010\000P\000S\000D\377\011}{section*.15}% 16
\BOOKMARK [3][]{section*.17}{\376\377\0002\000\040\117\116\220\032\156\344\154\342\126\150\377\010\000L\000P\000F\377\011}{section*.15}% 17
\BOOKMARK [3][]{section*.18}{\376\377\0003\000\040\166\370\121\163\126\150}{section*.15}% 18
\BOOKMARK [2][]{section*.19}{\376\377\000D\000\040\122\051\165\050\000C\040\023\000V\146\362\176\277\154\102\147\102\215\050\155\123\136\246\122\006\136\003\166\204\145\271\154\325}{section*.4}% 19
\BOOKMARK [2][]{section*.20}{\376\377\000\040\145\160\143\156\131\004\164\006\165\050\121\154\137\017}{section*.4}% 20
\BOOKMARK [1][]{section*.24}{\376\377\000I\000I\000I\000\040\133\236\232\214\210\305\177\156\116\016\145\271\154\325}{section*.2}% 21
\BOOKMARK [2][]{section*.25}{\376\377\000A\000\040\155\113\221\317\176\277\215\357}{section*.24}% 22
\BOOKMARK [2][]{section*.26}{\376\377\000B\000\040\225\001\133\232\145\076\131\047\126\150}{section*.24}% 23
\BOOKMARK [2][]{section*.27}{\376\377\000C\000\040\137\205\155\113\150\067\124\301\116\016\150\007\133\232}{section*.24}% 24
\BOOKMARK [2][]{section*.28}{\376\377\000D\000\040\133\236\232\214\121\205\133\271}{section*.24}% 25
\BOOKMARK [1][]{section*.29}{\376\377\000I\000V\000\040\176\323\147\234\123\312\213\250\213\272}{section*.2}% 26
\BOOKMARK [2][]{section*.30}{\376\377\000A\000\040\123\302\200\003\117\341\123\367\155\113\221\317}{section*.29}% 27
\BOOKMARK [2][]{section*.31}{\376\377\000B\000\040\126\372\133\232\165\065\133\271\150\041\121\306\116\016\225\001\133\232\145\076\131\047\126\150\176\277\140\047\232\214\213\301}{section*.29}% 28
\BOOKMARK [2][]{section*.32}{\376\377\000C\000\040\225\001\133\232\145\076\131\047\126\150\126\152\130\360\142\221\122\066\145\110\147\234}{section*.29}% 29
\BOOKMARK [2][]{section*.33}{\376\377\000D\000\040\124\004\116\214\147\201\173\241\000C\040\023\000V\162\171\140\047}{section*.29}% 30
\BOOKMARK [2][]{section*.34}{\376\377\000E\000\040\000D\0002\166\370\117\115\116\016\120\117\123\213\121\163\174\373}{section*.29}% 31
\BOOKMARK [2][]{section*.35}{\376\377\000F\000\040\147\102\215\050\155\123\136\246\122\006\136\003\000N\000\050\000w\000\051}{section*.29}% 32
\BOOKMARK [2][]{section*.36}{\376\377\000G\000\040\0001\000/\000C\0002\040\023\000V\000R\176\277\140\047\131\026\143\250\116\016\143\245\211\346\165\065\122\277\135\356\000V\000D}{section*.29}% 33
\BOOKMARK [2][]{section*.37}{\376\377\000H\000\040\123\237\131\313\145\160\143\156\154\107\140\073}{section*.29}% 34
\BOOKMARK [1][]{section*.38}{\376\377\000V\000\040\176\323\213\272}{section*.2}% 35
\BOOKMARK [1][]{section*.39}{\376\377\000\040\201\364\214\042}{section*.2}% 36
\BOOKMARK [1][]{section*.40}{\376\377\000\040\123\302\200\003\145\207\163\056}{section*.2}% 37
